2023-12-05 21:06:30,810 MainProcess\passlib.handlers.bcrypt DEBUG: detected 'bcrypt' backend, version '4.0.1'
2023-12-05 21:06:30,810 MainProcess\passlib.handlers.bcrypt DEBUG: 'bcrypt' backend lacks $2$ support, enabling workaround
2023-12-05 21:06:31,288 SpawnProcess-1\asyncio  DEBUG: Using selector: SelectSelector
2023-12-05 21:07:29,279 MainProcess\root     INFO: default_user:admin alredy exist
2023-12-05 21:07:29,551 SpawnProcess-1\asyncio  DEBUG: Using selector: SelectSelector
2023-12-05 21:07:29,748 SpawnProcess-1\clickhouse_connect.driver.ctypes DEBUG: Successfully imported ClickHouse Connect C data optimizations
2023-12-05 21:07:29,749 SpawnProcess-1\clickhouse_connect.driver.ctypes DEBUG: Successfully import ClickHouse Connect C/Numpy optimizations
2023-12-05 21:07:29,754 SpawnProcess-1\clickhouse_connect.json_impl DEBUG: Using python library for writing JSON byte strings
2023-12-05 21:08:21,062 MainProcess\root     INFO: default_user:admin alredy exist
2023-12-05 21:08:21,342 SpawnProcess-1\asyncio  DEBUG: Using selector: SelectSelector
2023-12-05 21:08:21,499 SpawnProcess-1\clickhouse_connect.driver.ctypes DEBUG: Successfully imported ClickHouse Connect C data optimizations
2023-12-05 21:08:21,500 SpawnProcess-1\clickhouse_connect.driver.ctypes DEBUG: Successfully import ClickHouse Connect C/Numpy optimizations
2023-12-05 21:08:21,504 SpawnProcess-1\clickhouse_connect.json_impl DEBUG: Using python library for writing JSON byte strings
2023-12-05 21:08:42,303 MainProcess\root     INFO: default_user:admin alredy exist
2023-12-05 21:08:42,569 SpawnProcess-1\asyncio  DEBUG: Using selector: SelectSelector
2023-12-05 21:08:42,721 SpawnProcess-1\clickhouse_connect.driver.ctypes DEBUG: Successfully imported ClickHouse Connect C data optimizations
2023-12-05 21:08:42,721 SpawnProcess-1\clickhouse_connect.driver.ctypes DEBUG: Successfully import ClickHouse Connect C/Numpy optimizations
2023-12-05 21:08:42,725 SpawnProcess-1\clickhouse_connect.json_impl DEBUG: Using python library for writing JSON byte strings
2023-12-05 21:15:41,164 MainProcess\root     INFO: default_user:admin alredy exist
2023-12-05 21:15:41,425 SpawnProcess-1\asyncio  DEBUG: Using selector: SelectSelector
2023-12-05 21:15:41,573 SpawnProcess-1\clickhouse_connect.driver.ctypes DEBUG: Successfully imported ClickHouse Connect C data optimizations
2023-12-05 21:15:41,574 SpawnProcess-1\clickhouse_connect.driver.ctypes DEBUG: Successfully import ClickHouse Connect C/Numpy optimizations
2023-12-05 21:15:41,578 SpawnProcess-1\clickhouse_connect.json_impl DEBUG: Using python library for writing JSON byte strings
2023-12-05 21:15:57,749 MainProcess\root     INFO: default_user:admin alredy exist
2023-12-05 21:15:58,010 SpawnProcess-1\asyncio  DEBUG: Using selector: SelectSelector
2023-12-05 21:15:58,158 SpawnProcess-1\clickhouse_connect.driver.ctypes DEBUG: Successfully imported ClickHouse Connect C data optimizations
2023-12-05 21:15:58,158 SpawnProcess-1\clickhouse_connect.driver.ctypes DEBUG: Successfully import ClickHouse Connect C/Numpy optimizations
2023-12-05 21:15:58,162 SpawnProcess-1\clickhouse_connect.json_impl DEBUG: Using python library for writing JSON byte strings
2023-12-05 21:16:22,690 MainProcess\root     INFO: default_user:admin alredy exist
2023-12-05 21:16:22,949 SpawnProcess-1\asyncio  DEBUG: Using selector: SelectSelector
2023-12-05 21:16:23,099 SpawnProcess-1\clickhouse_connect.driver.ctypes DEBUG: Successfully imported ClickHouse Connect C data optimizations
2023-12-05 21:16:23,100 SpawnProcess-1\clickhouse_connect.driver.ctypes DEBUG: Successfully import ClickHouse Connect C/Numpy optimizations
2023-12-05 21:16:23,104 SpawnProcess-1\clickhouse_connect.json_impl DEBUG: Using python library for writing JSON byte strings
2023-12-05 21:24:26,376 MainProcess\root     INFO: default_user:admin alredy exist
2023-12-05 21:24:26,639 SpawnProcess-1\asyncio  DEBUG: Using selector: SelectSelector
2023-12-05 21:24:26,791 SpawnProcess-1\clickhouse_connect.driver.ctypes DEBUG: Successfully imported ClickHouse Connect C data optimizations
2023-12-05 21:24:26,792 SpawnProcess-1\clickhouse_connect.driver.ctypes DEBUG: Successfully import ClickHouse Connect C/Numpy optimizations
2023-12-05 21:24:26,796 SpawnProcess-1\clickhouse_connect.json_impl DEBUG: Using python library for writing JSON byte strings
2023-12-05 21:25:13,328 SpawnProcess-1\multipart.multipart DEBUG: Calling on_field_start with no data
2023-12-05 21:25:13,328 SpawnProcess-1\multipart.multipart DEBUG: Calling on_field_name with data[0:10]
2023-12-05 21:25:13,328 SpawnProcess-1\multipart.multipart DEBUG: Calling on_field_data with data[11:19]
2023-12-05 21:25:13,328 SpawnProcess-1\multipart.multipart DEBUG: Calling on_field_end with no data
2023-12-05 21:25:13,328 SpawnProcess-1\multipart.multipart DEBUG: Calling on_field_start with no data
2023-12-05 21:25:13,328 SpawnProcess-1\multipart.multipart DEBUG: Calling on_field_name with data[20:28]
2023-12-05 21:25:13,328 SpawnProcess-1\multipart.multipart DEBUG: Calling on_field_data with data[29:34]
2023-12-05 21:25:13,328 SpawnProcess-1\multipart.multipart DEBUG: Calling on_field_end with no data
2023-12-05 21:25:13,328 SpawnProcess-1\multipart.multipart DEBUG: Calling on_field_start with no data
2023-12-05 21:25:13,328 SpawnProcess-1\multipart.multipart DEBUG: Calling on_field_name with data[35:43]
2023-12-05 21:25:13,328 SpawnProcess-1\multipart.multipart DEBUG: Calling on_field_data with data[44:52]
2023-12-05 21:25:13,328 SpawnProcess-1\multipart.multipart DEBUG: Calling on_field_end with no data
2023-12-05 21:25:13,328 SpawnProcess-1\multipart.multipart DEBUG: Calling on_end with no data
2023-12-05 21:25:13,346 SpawnProcess-1\passlib.handlers.bcrypt DEBUG: detected 'bcrypt' backend, version '4.0.1'
2023-12-05 21:25:13,346 SpawnProcess-1\passlib.handlers.bcrypt DEBUG: 'bcrypt' backend lacks $2$ support, enabling workaround
2023-12-05 21:25:15,519 SpawnProcess-1\multipart.multipart DEBUG: Calling on_field_start with no data
2023-12-05 21:25:15,519 SpawnProcess-1\multipart.multipart DEBUG: Calling on_field_name with data[0:10]
2023-12-05 21:25:15,519 SpawnProcess-1\multipart.multipart DEBUG: Calling on_field_data with data[11:19]
2023-12-05 21:25:15,519 SpawnProcess-1\multipart.multipart DEBUG: Calling on_field_end with no data
2023-12-05 21:25:15,519 SpawnProcess-1\multipart.multipart DEBUG: Calling on_field_start with no data
2023-12-05 21:25:15,519 SpawnProcess-1\multipart.multipart DEBUG: Calling on_field_name with data[20:28]
2023-12-05 21:25:15,519 SpawnProcess-1\multipart.multipart DEBUG: Calling on_field_data with data[29:34]
2023-12-05 21:25:15,519 SpawnProcess-1\multipart.multipart DEBUG: Calling on_field_end with no data
2023-12-05 21:25:15,519 SpawnProcess-1\multipart.multipart DEBUG: Calling on_field_start with no data
2023-12-05 21:25:15,519 SpawnProcess-1\multipart.multipart DEBUG: Calling on_field_name with data[35:43]
2023-12-05 21:25:15,519 SpawnProcess-1\multipart.multipart DEBUG: Calling on_field_data with data[44:52]
2023-12-05 21:25:15,519 SpawnProcess-1\multipart.multipart DEBUG: Calling on_field_end with no data
2023-12-05 21:25:15,519 SpawnProcess-1\multipart.multipart DEBUG: Calling on_end with no data
2023-12-05 21:25:18,871 SpawnProcess-1\multipart.multipart DEBUG: Calling on_field_start with no data
2023-12-05 21:25:18,871 SpawnProcess-1\multipart.multipart DEBUG: Calling on_field_name with data[0:10]
2023-12-05 21:25:18,871 SpawnProcess-1\multipart.multipart DEBUG: Calling on_field_data with data[11:19]
2023-12-05 21:25:18,871 SpawnProcess-1\multipart.multipart DEBUG: Calling on_field_end with no data
2023-12-05 21:25:18,871 SpawnProcess-1\multipart.multipart DEBUG: Calling on_field_start with no data
2023-12-05 21:25:18,871 SpawnProcess-1\multipart.multipart DEBUG: Calling on_field_name with data[20:28]
2023-12-05 21:25:18,871 SpawnProcess-1\multipart.multipart DEBUG: Calling on_field_data with data[29:34]
2023-12-05 21:25:18,871 SpawnProcess-1\multipart.multipart DEBUG: Calling on_field_end with no data
2023-12-05 21:25:18,871 SpawnProcess-1\multipart.multipart DEBUG: Calling on_field_start with no data
2023-12-05 21:25:18,871 SpawnProcess-1\multipart.multipart DEBUG: Calling on_field_name with data[35:43]
2023-12-05 21:25:18,871 SpawnProcess-1\multipart.multipart DEBUG: Calling on_field_data with data[44:52]
2023-12-05 21:25:18,871 SpawnProcess-1\multipart.multipart DEBUG: Calling on_field_end with no data
2023-12-05 21:25:18,871 SpawnProcess-1\multipart.multipart DEBUG: Calling on_end with no data
2023-12-05 21:27:51,927 SpawnProcess-1\multipart.multipart DEBUG: Calling on_field_start with no data
2023-12-05 21:27:51,927 SpawnProcess-1\multipart.multipart DEBUG: Calling on_field_name with data[0:10]
2023-12-05 21:27:51,927 SpawnProcess-1\multipart.multipart DEBUG: Calling on_field_data with data[11:19]
2023-12-05 21:27:51,927 SpawnProcess-1\multipart.multipart DEBUG: Calling on_field_end with no data
2023-12-05 21:27:51,927 SpawnProcess-1\multipart.multipart DEBUG: Calling on_field_start with no data
2023-12-05 21:27:51,927 SpawnProcess-1\multipart.multipart DEBUG: Calling on_field_name with data[20:28]
2023-12-05 21:27:51,927 SpawnProcess-1\multipart.multipart DEBUG: Calling on_field_data with data[29:34]
2023-12-05 21:27:51,927 SpawnProcess-1\multipart.multipart DEBUG: Calling on_field_end with no data
2023-12-05 21:27:51,927 SpawnProcess-1\multipart.multipart DEBUG: Calling on_field_start with no data
2023-12-05 21:27:51,927 SpawnProcess-1\multipart.multipart DEBUG: Calling on_field_name with data[35:43]
2023-12-05 21:27:51,927 SpawnProcess-1\multipart.multipart DEBUG: Calling on_field_data with data[44:52]
2023-12-05 21:27:51,927 SpawnProcess-1\multipart.multipart DEBUG: Calling on_field_end with no data
2023-12-05 21:27:51,927 SpawnProcess-1\multipart.multipart DEBUG: Calling on_end with no data
2023-12-05 21:28:42,941 MainProcess\root     INFO: default_user:admin alredy exist
2023-12-05 21:28:43,205 SpawnProcess-1\asyncio  DEBUG: Using selector: SelectSelector
2023-12-05 21:28:43,362 SpawnProcess-1\clickhouse_connect.driver.ctypes DEBUG: Successfully imported ClickHouse Connect C data optimizations
2023-12-05 21:28:43,362 SpawnProcess-1\clickhouse_connect.driver.ctypes DEBUG: Successfully import ClickHouse Connect C/Numpy optimizations
2023-12-05 21:28:43,366 SpawnProcess-1\clickhouse_connect.json_impl DEBUG: Using python library for writing JSON byte strings
2023-12-05 21:28:58,458 SpawnProcess-1\multipart.multipart DEBUG: Calling on_field_start with no data
2023-12-05 21:28:58,458 SpawnProcess-1\multipart.multipart DEBUG: Calling on_field_name with data[0:10]
2023-12-05 21:28:58,458 SpawnProcess-1\multipart.multipart DEBUG: Calling on_field_data with data[11:19]
2023-12-05 21:28:58,458 SpawnProcess-1\multipart.multipart DEBUG: Calling on_field_end with no data
2023-12-05 21:28:58,458 SpawnProcess-1\multipart.multipart DEBUG: Calling on_field_start with no data
2023-12-05 21:28:58,458 SpawnProcess-1\multipart.multipart DEBUG: Calling on_field_name with data[20:28]
2023-12-05 21:28:58,458 SpawnProcess-1\multipart.multipart DEBUG: Calling on_field_data with data[29:34]
2023-12-05 21:28:58,458 SpawnProcess-1\multipart.multipart DEBUG: Calling on_field_end with no data
2023-12-05 21:28:58,459 SpawnProcess-1\multipart.multipart DEBUG: Calling on_field_start with no data
2023-12-05 21:28:58,459 SpawnProcess-1\multipart.multipart DEBUG: Calling on_field_name with data[35:43]
2023-12-05 21:28:58,459 SpawnProcess-1\multipart.multipart DEBUG: Calling on_field_data with data[44:52]
2023-12-05 21:28:58,459 SpawnProcess-1\multipart.multipart DEBUG: Calling on_field_end with no data
2023-12-05 21:28:58,459 SpawnProcess-1\multipart.multipart DEBUG: Calling on_end with no data
2023-12-05 21:28:58,486 SpawnProcess-1\passlib.handlers.bcrypt DEBUG: detected 'bcrypt' backend, version '4.0.1'
2023-12-05 21:28:58,486 SpawnProcess-1\passlib.handlers.bcrypt DEBUG: 'bcrypt' backend lacks $2$ support, enabling workaround
2023-12-13 17:46:38,727 MainProcess\root     INFO: default_user:admin alredy exist
2023-12-13 17:46:39,001 SpawnProcess-1\asyncio  DEBUG: Using selector: SelectSelector
2023-12-13 17:46:40,650 SpawnProcess-1\clickhouse_connect.driver.ctypes DEBUG: Successfully imported ClickHouse Connect C data optimizations
2023-12-13 17:46:40,681 SpawnProcess-1\clickhouse_connect.driver.ctypes DEBUG: Successfully import ClickHouse Connect C/Numpy optimizations
2023-12-13 17:46:40,707 SpawnProcess-1\clickhouse_connect.json_impl DEBUG: Using python library for writing JSON byte strings
2023-12-13 17:47:07,552 SpawnProcess-1\multipart.multipart DEBUG: Calling on_field_start with no data
2023-12-13 17:47:07,552 SpawnProcess-1\multipart.multipart DEBUG: Calling on_field_name with data[0:10]
2023-12-13 17:47:07,552 SpawnProcess-1\multipart.multipart DEBUG: Calling on_field_data with data[11:19]
2023-12-13 17:47:07,552 SpawnProcess-1\multipart.multipart DEBUG: Calling on_field_end with no data
2023-12-13 17:47:07,552 SpawnProcess-1\multipart.multipart DEBUG: Calling on_field_start with no data
2023-12-13 17:47:07,552 SpawnProcess-1\multipart.multipart DEBUG: Calling on_field_name with data[20:28]
2023-12-13 17:47:07,552 SpawnProcess-1\multipart.multipart DEBUG: Calling on_field_data with data[29:34]
2023-12-13 17:47:07,553 SpawnProcess-1\multipart.multipart DEBUG: Calling on_field_end with no data
2023-12-13 17:47:07,553 SpawnProcess-1\multipart.multipart DEBUG: Calling on_field_start with no data
2023-12-13 17:47:07,553 SpawnProcess-1\multipart.multipart DEBUG: Calling on_field_name with data[35:43]
2023-12-13 17:47:07,553 SpawnProcess-1\multipart.multipart DEBUG: Calling on_field_data with data[44:52]
2023-12-13 17:47:07,553 SpawnProcess-1\multipart.multipart DEBUG: Calling on_field_end with no data
2023-12-13 17:47:07,553 SpawnProcess-1\multipart.multipart DEBUG: Calling on_end with no data
2023-12-13 17:47:07,578 SpawnProcess-1\passlib.handlers.bcrypt DEBUG: detected 'bcrypt' backend, version '4.0.1'
2023-12-13 17:47:07,578 SpawnProcess-1\passlib.handlers.bcrypt DEBUG: 'bcrypt' backend lacks $2$ support, enabling workaround
2023-12-13 18:02:26,676 MainProcess\root     INFO: default_user:admin alredy exist
2023-12-13 18:02:26,937 SpawnProcess-1\asyncio  DEBUG: Using selector: SelectSelector
2023-12-13 18:02:27,091 SpawnProcess-1\clickhouse_connect.driver.ctypes DEBUG: Successfully imported ClickHouse Connect C data optimizations
2023-12-13 18:02:27,091 SpawnProcess-1\clickhouse_connect.driver.ctypes DEBUG: Successfully import ClickHouse Connect C/Numpy optimizations
2023-12-13 18:02:27,095 SpawnProcess-1\clickhouse_connect.json_impl DEBUG: Using python library for writing JSON byte strings
2023-12-13 18:02:50,629 SpawnProcess-1\multipart.multipart DEBUG: Calling on_field_start with no data
2023-12-13 18:02:50,629 SpawnProcess-1\multipart.multipart DEBUG: Calling on_field_name with data[0:10]
2023-12-13 18:02:50,629 SpawnProcess-1\multipart.multipart DEBUG: Calling on_field_data with data[11:19]
2023-12-13 18:02:50,629 SpawnProcess-1\multipart.multipart DEBUG: Calling on_field_end with no data
2023-12-13 18:02:50,629 SpawnProcess-1\multipart.multipart DEBUG: Calling on_field_start with no data
2023-12-13 18:02:50,629 SpawnProcess-1\multipart.multipart DEBUG: Calling on_field_name with data[20:28]
2023-12-13 18:02:50,629 SpawnProcess-1\multipart.multipart DEBUG: Calling on_field_data with data[29:34]
2023-12-13 18:02:50,629 SpawnProcess-1\multipart.multipart DEBUG: Calling on_field_end with no data
2023-12-13 18:02:50,629 SpawnProcess-1\multipart.multipart DEBUG: Calling on_field_start with no data
2023-12-13 18:02:50,629 SpawnProcess-1\multipart.multipart DEBUG: Calling on_field_name with data[35:43]
2023-12-13 18:02:50,629 SpawnProcess-1\multipart.multipart DEBUG: Calling on_field_data with data[44:52]
2023-12-13 18:02:50,629 SpawnProcess-1\multipart.multipart DEBUG: Calling on_field_end with no data
2023-12-13 18:02:50,630 SpawnProcess-1\multipart.multipart DEBUG: Calling on_end with no data
2023-12-13 18:02:50,657 SpawnProcess-1\passlib.handlers.bcrypt DEBUG: detected 'bcrypt' backend, version '4.0.1'
2023-12-13 18:02:50,657 SpawnProcess-1\passlib.handlers.bcrypt DEBUG: 'bcrypt' backend lacks $2$ support, enabling workaround
2023-12-13 18:03:23,363 SpawnProcess-2\asyncio  DEBUG: Using selector: SelectSelector
2023-12-13 18:03:23,518 SpawnProcess-2\clickhouse_connect.driver.ctypes DEBUG: Successfully imported ClickHouse Connect C data optimizations
2023-12-13 18:03:23,519 SpawnProcess-2\clickhouse_connect.driver.ctypes DEBUG: Successfully import ClickHouse Connect C/Numpy optimizations
2023-12-13 18:03:23,523 SpawnProcess-2\clickhouse_connect.json_impl DEBUG: Using python library for writing JSON byte strings
2023-12-13 18:03:29,968 SpawnProcess-3\asyncio  DEBUG: Using selector: SelectSelector
2023-12-13 18:03:30,126 SpawnProcess-3\clickhouse_connect.driver.ctypes DEBUG: Successfully imported ClickHouse Connect C data optimizations
2023-12-13 18:03:30,126 SpawnProcess-3\clickhouse_connect.driver.ctypes DEBUG: Successfully import ClickHouse Connect C/Numpy optimizations
2023-12-13 18:03:30,131 SpawnProcess-3\clickhouse_connect.json_impl DEBUG: Using python library for writing JSON byte strings
2023-12-13 18:05:16,395 MainProcess\root     INFO: default_user:admin alredy exist
2023-12-13 18:05:16,662 SpawnProcess-1\asyncio  DEBUG: Using selector: SelectSelector
2023-12-13 18:05:16,816 SpawnProcess-1\clickhouse_connect.driver.ctypes DEBUG: Successfully imported ClickHouse Connect C data optimizations
2023-12-13 18:05:16,816 SpawnProcess-1\clickhouse_connect.driver.ctypes DEBUG: Successfully import ClickHouse Connect C/Numpy optimizations
2023-12-13 18:05:16,821 SpawnProcess-1\clickhouse_connect.json_impl DEBUG: Using python library for writing JSON byte strings
2023-12-13 18:07:19,888 SpawnProcess-2\asyncio  DEBUG: Using selector: SelectSelector
2023-12-13 18:07:20,050 SpawnProcess-2\clickhouse_connect.driver.ctypes DEBUG: Successfully imported ClickHouse Connect C data optimizations
2023-12-13 18:07:20,050 SpawnProcess-2\clickhouse_connect.driver.ctypes DEBUG: Successfully import ClickHouse Connect C/Numpy optimizations
2023-12-13 18:07:20,055 SpawnProcess-2\clickhouse_connect.json_impl DEBUG: Using python library for writing JSON byte strings
2023-12-13 20:03:36,864 MainProcess\root     INFO: default_user:admin alredy exist
2023-12-13 20:03:37,145 SpawnProcess-1\asyncio  DEBUG: Using selector: SelectSelector
2023-12-13 20:03:37,429 SpawnProcess-1\clickhouse_connect.driver.ctypes DEBUG: Successfully imported ClickHouse Connect C data optimizations
2023-12-13 20:03:37,430 SpawnProcess-1\clickhouse_connect.driver.ctypes DEBUG: Successfully import ClickHouse Connect C/Numpy optimizations
2023-12-13 20:03:37,438 SpawnProcess-1\clickhouse_connect.json_impl DEBUG: Using python library for writing JSON byte strings
2023-12-13 20:04:04,938 SpawnProcess-1\multipart.multipart DEBUG: Calling on_field_start with no data
2023-12-13 20:04:04,938 SpawnProcess-1\multipart.multipart DEBUG: Calling on_field_name with data[0:10]
2023-12-13 20:04:04,938 SpawnProcess-1\multipart.multipart DEBUG: Calling on_field_data with data[11:19]
2023-12-13 20:04:04,938 SpawnProcess-1\multipart.multipart DEBUG: Calling on_field_end with no data
2023-12-13 20:04:04,938 SpawnProcess-1\multipart.multipart DEBUG: Calling on_field_start with no data
2023-12-13 20:04:04,939 SpawnProcess-1\multipart.multipart DEBUG: Calling on_field_name with data[20:28]
2023-12-13 20:04:04,939 SpawnProcess-1\multipart.multipart DEBUG: Calling on_field_data with data[29:34]
2023-12-13 20:04:04,939 SpawnProcess-1\multipart.multipart DEBUG: Calling on_field_end with no data
2023-12-13 20:04:04,939 SpawnProcess-1\multipart.multipart DEBUG: Calling on_field_start with no data
2023-12-13 20:04:04,939 SpawnProcess-1\multipart.multipart DEBUG: Calling on_field_name with data[35:43]
2023-12-13 20:04:04,939 SpawnProcess-1\multipart.multipart DEBUG: Calling on_field_data with data[44:52]
2023-12-13 20:04:04,939 SpawnProcess-1\multipart.multipart DEBUG: Calling on_field_end with no data
2023-12-13 20:04:04,939 SpawnProcess-1\multipart.multipart DEBUG: Calling on_end with no data
2023-12-13 20:04:04,959 SpawnProcess-1\passlib.handlers.bcrypt DEBUG: detected 'bcrypt' backend, version '4.0.1'
2023-12-13 20:04:04,959 SpawnProcess-1\passlib.handlers.bcrypt DEBUG: 'bcrypt' backend lacks $2$ support, enabling workaround
2023-12-13 20:07:11,831 SpawnProcess-2\asyncio  DEBUG: Using selector: SelectSelector
2023-12-13 20:07:11,987 SpawnProcess-2\clickhouse_connect.driver.ctypes DEBUG: Successfully imported ClickHouse Connect C data optimizations
2023-12-13 20:07:11,987 SpawnProcess-2\clickhouse_connect.driver.ctypes DEBUG: Successfully import ClickHouse Connect C/Numpy optimizations
2023-12-13 20:07:11,991 SpawnProcess-2\clickhouse_connect.json_impl DEBUG: Using python library for writing JSON byte strings
2023-12-13 20:08:53,289 SpawnProcess-3\asyncio  DEBUG: Using selector: SelectSelector
2023-12-13 20:08:53,447 SpawnProcess-3\clickhouse_connect.driver.ctypes DEBUG: Successfully imported ClickHouse Connect C data optimizations
2023-12-13 20:08:53,447 SpawnProcess-3\clickhouse_connect.driver.ctypes DEBUG: Successfully import ClickHouse Connect C/Numpy optimizations
2023-12-13 20:08:53,452 SpawnProcess-3\clickhouse_connect.json_impl DEBUG: Using python library for writing JSON byte strings
2023-12-13 20:09:31,404 SpawnProcess-3\multipart.multipart DEBUG: Calling on_field_start with no data
2023-12-13 20:09:31,404 SpawnProcess-3\multipart.multipart DEBUG: Calling on_field_name with data[0:10]
2023-12-13 20:09:31,404 SpawnProcess-3\multipart.multipart DEBUG: Calling on_field_data with data[11:19]
2023-12-13 20:09:31,404 SpawnProcess-3\multipart.multipart DEBUG: Calling on_field_end with no data
2023-12-13 20:09:31,404 SpawnProcess-3\multipart.multipart DEBUG: Calling on_field_start with no data
2023-12-13 20:09:31,404 SpawnProcess-3\multipart.multipart DEBUG: Calling on_field_name with data[20:28]
2023-12-13 20:09:31,404 SpawnProcess-3\multipart.multipart DEBUG: Calling on_field_data with data[29:34]
2023-12-13 20:09:31,404 SpawnProcess-3\multipart.multipart DEBUG: Calling on_field_end with no data
2023-12-13 20:09:31,404 SpawnProcess-3\multipart.multipart DEBUG: Calling on_field_start with no data
2023-12-13 20:09:31,404 SpawnProcess-3\multipart.multipart DEBUG: Calling on_field_name with data[35:43]
2023-12-13 20:09:31,404 SpawnProcess-3\multipart.multipart DEBUG: Calling on_field_data with data[44:52]
2023-12-13 20:09:31,404 SpawnProcess-3\multipart.multipart DEBUG: Calling on_field_end with no data
2023-12-13 20:09:31,404 SpawnProcess-3\multipart.multipart DEBUG: Calling on_end with no data
2023-12-13 20:09:31,420 SpawnProcess-3\passlib.handlers.bcrypt DEBUG: detected 'bcrypt' backend, version '4.0.1'
2023-12-13 20:09:31,420 SpawnProcess-3\passlib.handlers.bcrypt DEBUG: 'bcrypt' backend lacks $2$ support, enabling workaround
2023-12-13 20:10:05,167 MainProcess\root     INFO: default_user:admin alredy exist
2023-12-13 20:10:05,436 SpawnProcess-1\asyncio  DEBUG: Using selector: SelectSelector
2023-12-13 20:10:05,591 SpawnProcess-1\clickhouse_connect.driver.ctypes DEBUG: Successfully imported ClickHouse Connect C data optimizations
2023-12-13 20:10:05,591 SpawnProcess-1\clickhouse_connect.driver.ctypes DEBUG: Successfully import ClickHouse Connect C/Numpy optimizations
2023-12-13 20:10:05,595 SpawnProcess-1\clickhouse_connect.json_impl DEBUG: Using python library for writing JSON byte strings
2023-12-13 20:10:18,615 SpawnProcess-1\multipart.multipart DEBUG: Calling on_field_start with no data
2023-12-13 20:10:18,616 SpawnProcess-1\multipart.multipart DEBUG: Calling on_field_name with data[0:10]
2023-12-13 20:10:18,616 SpawnProcess-1\multipart.multipart DEBUG: Calling on_field_data with data[11:19]
2023-12-13 20:10:18,616 SpawnProcess-1\multipart.multipart DEBUG: Calling on_field_end with no data
2023-12-13 20:10:18,616 SpawnProcess-1\multipart.multipart DEBUG: Calling on_field_start with no data
2023-12-13 20:10:18,616 SpawnProcess-1\multipart.multipart DEBUG: Calling on_field_name with data[20:28]
2023-12-13 20:10:18,616 SpawnProcess-1\multipart.multipart DEBUG: Calling on_field_data with data[29:34]
2023-12-13 20:10:18,616 SpawnProcess-1\multipart.multipart DEBUG: Calling on_field_end with no data
2023-12-13 20:10:18,616 SpawnProcess-1\multipart.multipart DEBUG: Calling on_field_start with no data
2023-12-13 20:10:18,616 SpawnProcess-1\multipart.multipart DEBUG: Calling on_field_name with data[35:43]
2023-12-13 20:10:18,616 SpawnProcess-1\multipart.multipart DEBUG: Calling on_field_data with data[44:52]
2023-12-13 20:10:18,616 SpawnProcess-1\multipart.multipart DEBUG: Calling on_field_end with no data
2023-12-13 20:10:18,616 SpawnProcess-1\multipart.multipart DEBUG: Calling on_end with no data
2023-12-13 20:10:18,644 SpawnProcess-1\passlib.handlers.bcrypt DEBUG: detected 'bcrypt' backend, version '4.0.1'
2023-12-13 20:10:18,644 SpawnProcess-1\passlib.handlers.bcrypt DEBUG: 'bcrypt' backend lacks $2$ support, enabling workaround
2023-12-13 20:11:26,452 SpawnProcess-2\asyncio  DEBUG: Using selector: SelectSelector
2023-12-13 20:11:26,628 SpawnProcess-2\clickhouse_connect.driver.ctypes DEBUG: Successfully imported ClickHouse Connect C data optimizations
2023-12-13 20:11:26,629 SpawnProcess-2\clickhouse_connect.driver.ctypes DEBUG: Successfully import ClickHouse Connect C/Numpy optimizations
2023-12-13 20:11:26,633 SpawnProcess-2\clickhouse_connect.json_impl DEBUG: Using python library for writing JSON byte strings
2023-12-13 20:13:00,394 SpawnProcess-3\asyncio  DEBUG: Using selector: SelectSelector
2023-12-13 20:13:00,549 SpawnProcess-3\clickhouse_connect.driver.ctypes DEBUG: Successfully imported ClickHouse Connect C data optimizations
2023-12-13 20:13:00,550 SpawnProcess-3\clickhouse_connect.driver.ctypes DEBUG: Successfully import ClickHouse Connect C/Numpy optimizations
2023-12-13 20:13:00,554 SpawnProcess-3\clickhouse_connect.json_impl DEBUG: Using python library for writing JSON byte strings
2023-12-13 20:13:11,307 SpawnProcess-4\asyncio  DEBUG: Using selector: SelectSelector
2023-12-13 20:13:11,460 SpawnProcess-4\clickhouse_connect.driver.ctypes DEBUG: Successfully imported ClickHouse Connect C data optimizations
2023-12-13 20:13:11,460 SpawnProcess-4\clickhouse_connect.driver.ctypes DEBUG: Successfully import ClickHouse Connect C/Numpy optimizations
2023-12-13 20:13:11,464 SpawnProcess-4\clickhouse_connect.json_impl DEBUG: Using python library for writing JSON byte strings
2023-12-13 20:13:28,120 SpawnProcess-4\multipart.multipart DEBUG: Calling on_field_start with no data
2023-12-13 20:13:28,120 SpawnProcess-4\multipart.multipart DEBUG: Calling on_field_name with data[0:10]
2023-12-13 20:13:28,120 SpawnProcess-4\multipart.multipart DEBUG: Calling on_field_data with data[11:19]
2023-12-13 20:13:28,120 SpawnProcess-4\multipart.multipart DEBUG: Calling on_field_end with no data
2023-12-13 20:13:28,120 SpawnProcess-4\multipart.multipart DEBUG: Calling on_field_start with no data
2023-12-13 20:13:28,120 SpawnProcess-4\multipart.multipart DEBUG: Calling on_field_name with data[20:28]
2023-12-13 20:13:28,120 SpawnProcess-4\multipart.multipart DEBUG: Calling on_field_data with data[29:34]
2023-12-13 20:13:28,120 SpawnProcess-4\multipart.multipart DEBUG: Calling on_field_end with no data
2023-12-13 20:13:28,120 SpawnProcess-4\multipart.multipart DEBUG: Calling on_field_start with no data
2023-12-13 20:13:28,120 SpawnProcess-4\multipart.multipart DEBUG: Calling on_field_name with data[35:43]
2023-12-13 20:13:28,120 SpawnProcess-4\multipart.multipart DEBUG: Calling on_field_data with data[44:52]
2023-12-13 20:13:28,120 SpawnProcess-4\multipart.multipart DEBUG: Calling on_field_end with no data
2023-12-13 20:13:28,120 SpawnProcess-4\multipart.multipart DEBUG: Calling on_end with no data
2023-12-13 20:13:28,170 SpawnProcess-4\passlib.handlers.bcrypt DEBUG: detected 'bcrypt' backend, version '4.0.1'
2023-12-13 20:13:28,170 SpawnProcess-4\passlib.handlers.bcrypt DEBUG: 'bcrypt' backend lacks $2$ support, enabling workaround
2023-12-13 20:13:54,968 SpawnProcess-5\asyncio  DEBUG: Using selector: SelectSelector
2023-12-13 20:13:55,129 SpawnProcess-5\clickhouse_connect.driver.ctypes DEBUG: Successfully imported ClickHouse Connect C data optimizations
2023-12-13 20:13:55,129 SpawnProcess-5\clickhouse_connect.driver.ctypes DEBUG: Successfully import ClickHouse Connect C/Numpy optimizations
2023-12-13 20:13:55,134 SpawnProcess-5\clickhouse_connect.json_impl DEBUG: Using python library for writing JSON byte strings
2023-12-13 20:15:02,363 SpawnProcess-6\asyncio  DEBUG: Using selector: SelectSelector
2023-12-13 20:15:02,520 SpawnProcess-6\clickhouse_connect.driver.ctypes DEBUG: Successfully imported ClickHouse Connect C data optimizations
2023-12-13 20:15:02,520 SpawnProcess-6\clickhouse_connect.driver.ctypes DEBUG: Successfully import ClickHouse Connect C/Numpy optimizations
2023-12-13 20:15:02,524 SpawnProcess-6\clickhouse_connect.json_impl DEBUG: Using python library for writing JSON byte strings
2023-12-13 20:15:45,298 SpawnProcess-7\asyncio  DEBUG: Using selector: SelectSelector
2023-12-13 20:15:45,456 SpawnProcess-7\clickhouse_connect.driver.ctypes DEBUG: Successfully imported ClickHouse Connect C data optimizations
2023-12-13 20:15:45,457 SpawnProcess-7\clickhouse_connect.driver.ctypes DEBUG: Successfully import ClickHouse Connect C/Numpy optimizations
2023-12-13 20:15:45,461 SpawnProcess-7\clickhouse_connect.json_impl DEBUG: Using python library for writing JSON byte strings
2023-12-13 20:24:04,031 SpawnProcess-8\asyncio  DEBUG: Using selector: SelectSelector
2023-12-13 20:24:04,200 SpawnProcess-8\clickhouse_connect.driver.ctypes DEBUG: Successfully imported ClickHouse Connect C data optimizations
2023-12-13 20:24:04,200 SpawnProcess-8\clickhouse_connect.driver.ctypes DEBUG: Successfully import ClickHouse Connect C/Numpy optimizations
2023-12-13 20:24:04,205 SpawnProcess-8\clickhouse_connect.json_impl DEBUG: Using python library for writing JSON byte strings
2023-12-13 20:25:55,149 SpawnProcess-9\asyncio  DEBUG: Using selector: SelectSelector
2023-12-13 20:25:55,305 SpawnProcess-9\clickhouse_connect.driver.ctypes DEBUG: Successfully imported ClickHouse Connect C data optimizations
2023-12-13 20:25:55,305 SpawnProcess-9\clickhouse_connect.driver.ctypes DEBUG: Successfully import ClickHouse Connect C/Numpy optimizations
2023-12-13 20:25:55,310 SpawnProcess-9\clickhouse_connect.json_impl DEBUG: Using python library for writing JSON byte strings
2023-12-13 20:29:12,685 SpawnProcess-10\asyncio  DEBUG: Using selector: SelectSelector
2023-12-13 20:29:12,837 SpawnProcess-10\clickhouse_connect.driver.ctypes DEBUG: Successfully imported ClickHouse Connect C data optimizations
2023-12-13 20:29:12,838 SpawnProcess-10\clickhouse_connect.driver.ctypes DEBUG: Successfully import ClickHouse Connect C/Numpy optimizations
2023-12-13 20:29:12,841 SpawnProcess-10\clickhouse_connect.json_impl DEBUG: Using python library for writing JSON byte strings
2023-12-13 20:29:23,923 SpawnProcess-11\asyncio  DEBUG: Using selector: SelectSelector
2023-12-13 20:29:24,076 SpawnProcess-11\clickhouse_connect.driver.ctypes DEBUG: Successfully imported ClickHouse Connect C data optimizations
2023-12-13 20:29:24,076 SpawnProcess-11\clickhouse_connect.driver.ctypes DEBUG: Successfully import ClickHouse Connect C/Numpy optimizations
2023-12-13 20:29:24,080 SpawnProcess-11\clickhouse_connect.json_impl DEBUG: Using python library for writing JSON byte strings
2023-12-13 20:32:32,356 SpawnProcess-12\asyncio  DEBUG: Using selector: SelectSelector
2023-12-13 20:32:32,531 SpawnProcess-12\clickhouse_connect.driver.ctypes DEBUG: Successfully imported ClickHouse Connect C data optimizations
2023-12-13 20:32:32,531 SpawnProcess-12\clickhouse_connect.driver.ctypes DEBUG: Successfully import ClickHouse Connect C/Numpy optimizations
2023-12-13 20:32:32,536 SpawnProcess-12\clickhouse_connect.json_impl DEBUG: Using python library for writing JSON byte strings
2023-12-13 20:32:46,694 SpawnProcess-13\asyncio  DEBUG: Using selector: SelectSelector
2023-12-13 20:32:46,864 SpawnProcess-13\clickhouse_connect.driver.ctypes DEBUG: Successfully imported ClickHouse Connect C data optimizations
2023-12-13 20:32:46,864 SpawnProcess-13\clickhouse_connect.driver.ctypes DEBUG: Successfully import ClickHouse Connect C/Numpy optimizations
2023-12-13 20:32:46,868 SpawnProcess-13\clickhouse_connect.json_impl DEBUG: Using python library for writing JSON byte strings
2023-12-13 20:33:42,322 SpawnProcess-14\asyncio  DEBUG: Using selector: SelectSelector
2023-12-13 20:33:42,477 SpawnProcess-14\clickhouse_connect.driver.ctypes DEBUG: Successfully imported ClickHouse Connect C data optimizations
2023-12-13 20:33:42,477 SpawnProcess-14\clickhouse_connect.driver.ctypes DEBUG: Successfully import ClickHouse Connect C/Numpy optimizations
2023-12-13 20:33:42,482 SpawnProcess-14\clickhouse_connect.json_impl DEBUG: Using python library for writing JSON byte strings
2023-12-13 20:34:18,031 SpawnProcess-14\multipart.multipart DEBUG: Calling on_field_start with no data
2023-12-13 20:34:18,031 SpawnProcess-14\multipart.multipart DEBUG: Calling on_field_name with data[0:10]
2023-12-13 20:34:18,031 SpawnProcess-14\multipart.multipart DEBUG: Calling on_field_data with data[11:19]
2023-12-13 20:34:18,031 SpawnProcess-14\multipart.multipart DEBUG: Calling on_field_end with no data
2023-12-13 20:34:18,031 SpawnProcess-14\multipart.multipart DEBUG: Calling on_field_start with no data
2023-12-13 20:34:18,031 SpawnProcess-14\multipart.multipart DEBUG: Calling on_field_name with data[20:28]
2023-12-13 20:34:18,031 SpawnProcess-14\multipart.multipart DEBUG: Calling on_field_data with data[29:34]
2023-12-13 20:34:18,031 SpawnProcess-14\multipart.multipart DEBUG: Calling on_field_end with no data
2023-12-13 20:34:18,031 SpawnProcess-14\multipart.multipart DEBUG: Calling on_field_start with no data
2023-12-13 20:34:18,031 SpawnProcess-14\multipart.multipart DEBUG: Calling on_field_name with data[35:43]
2023-12-13 20:34:18,031 SpawnProcess-14\multipart.multipart DEBUG: Calling on_field_data with data[44:52]
2023-12-13 20:34:18,031 SpawnProcess-14\multipart.multipart DEBUG: Calling on_field_end with no data
2023-12-13 20:34:18,031 SpawnProcess-14\multipart.multipart DEBUG: Calling on_end with no data
2023-12-13 20:34:18,052 SpawnProcess-14\passlib.handlers.bcrypt DEBUG: detected 'bcrypt' backend, version '4.0.1'
2023-12-13 20:34:18,052 SpawnProcess-14\passlib.handlers.bcrypt DEBUG: 'bcrypt' backend lacks $2$ support, enabling workaround
2023-12-13 20:38:14,554 SpawnProcess-15\asyncio  DEBUG: Using selector: SelectSelector
2023-12-13 20:38:14,710 SpawnProcess-15\clickhouse_connect.driver.ctypes DEBUG: Successfully imported ClickHouse Connect C data optimizations
2023-12-13 20:38:14,710 SpawnProcess-15\clickhouse_connect.driver.ctypes DEBUG: Successfully import ClickHouse Connect C/Numpy optimizations
2023-12-13 20:38:14,714 SpawnProcess-15\clickhouse_connect.json_impl DEBUG: Using python library for writing JSON byte strings
2023-12-13 20:38:31,201 SpawnProcess-16\asyncio  DEBUG: Using selector: SelectSelector
2023-12-13 20:38:31,363 SpawnProcess-16\clickhouse_connect.driver.ctypes DEBUG: Successfully imported ClickHouse Connect C data optimizations
2023-12-13 20:38:31,363 SpawnProcess-16\clickhouse_connect.driver.ctypes DEBUG: Successfully import ClickHouse Connect C/Numpy optimizations
2023-12-13 20:38:31,368 SpawnProcess-16\clickhouse_connect.json_impl DEBUG: Using python library for writing JSON byte strings
2023-12-13 20:39:52,194 MainProcess\root     INFO: default_user:admin alredy exist
2023-12-13 20:39:52,873 SpawnProcess-1\asyncio  DEBUG: Using selector: SelectSelector
2023-12-13 20:39:53,204 SpawnProcess-1\clickhouse_connect.driver.ctypes DEBUG: Successfully imported ClickHouse Connect C data optimizations
2023-12-13 20:39:53,204 SpawnProcess-1\clickhouse_connect.driver.ctypes DEBUG: Successfully import ClickHouse Connect C/Numpy optimizations
2023-12-13 20:39:53,212 SpawnProcess-1\clickhouse_connect.json_impl DEBUG: Using python library for writing JSON byte strings
2023-12-13 20:42:37,686 MainProcess\root     INFO: default_user:admin alredy exist
2023-12-13 20:42:37,996 SpawnProcess-1\asyncio  DEBUG: Using selector: SelectSelector
2023-12-13 20:42:38,153 SpawnProcess-1\clickhouse_connect.driver.ctypes DEBUG: Successfully imported ClickHouse Connect C data optimizations
2023-12-13 20:42:38,154 SpawnProcess-1\clickhouse_connect.driver.ctypes DEBUG: Successfully import ClickHouse Connect C/Numpy optimizations
2023-12-13 20:42:38,158 SpawnProcess-1\clickhouse_connect.json_impl DEBUG: Using python library for writing JSON byte strings
2023-12-13 20:43:49,468 MainProcess\root     INFO: default_user:admin alredy exist
2023-12-13 20:43:50,082 SpawnProcess-1\asyncio  DEBUG: Using selector: SelectSelector
2023-12-13 20:43:50,415 SpawnProcess-1\clickhouse_connect.driver.ctypes DEBUG: Successfully imported ClickHouse Connect C data optimizations
2023-12-13 20:43:50,415 SpawnProcess-1\clickhouse_connect.driver.ctypes DEBUG: Successfully import ClickHouse Connect C/Numpy optimizations
2023-12-13 20:43:50,423 SpawnProcess-1\clickhouse_connect.json_impl DEBUG: Using python library for writing JSON byte strings
2023-12-13 20:46:09,278 MainProcess\root     INFO: default_user:admin alredy exist
2023-12-13 20:46:09,550 SpawnProcess-1\asyncio  DEBUG: Using selector: SelectSelector
2023-12-13 20:46:09,702 SpawnProcess-1\clickhouse_connect.driver.ctypes DEBUG: Successfully imported ClickHouse Connect C data optimizations
2023-12-13 20:46:09,703 SpawnProcess-1\clickhouse_connect.driver.ctypes DEBUG: Successfully import ClickHouse Connect C/Numpy optimizations
2023-12-13 20:46:09,708 SpawnProcess-1\clickhouse_connect.json_impl DEBUG: Using python library for writing JSON byte strings
2023-12-13 20:47:03,273 MainProcess\root     INFO: default_user:admin alredy exist
2023-12-13 20:47:03,537 SpawnProcess-1\asyncio  DEBUG: Using selector: SelectSelector
2023-12-13 20:47:03,684 SpawnProcess-1\clickhouse_connect.driver.ctypes DEBUG: Successfully imported ClickHouse Connect C data optimizations
2023-12-13 20:47:03,685 SpawnProcess-1\clickhouse_connect.driver.ctypes DEBUG: Successfully import ClickHouse Connect C/Numpy optimizations
2023-12-13 20:47:03,689 SpawnProcess-1\clickhouse_connect.json_impl DEBUG: Using python library for writing JSON byte strings
2023-12-13 20:51:58,328 SpawnProcess-2\asyncio  DEBUG: Using selector: SelectSelector
2023-12-13 20:51:58,485 SpawnProcess-2\clickhouse_connect.driver.ctypes DEBUG: Successfully imported ClickHouse Connect C data optimizations
2023-12-13 20:51:58,485 SpawnProcess-2\clickhouse_connect.driver.ctypes DEBUG: Successfully import ClickHouse Connect C/Numpy optimizations
2023-12-13 20:51:58,490 SpawnProcess-2\clickhouse_connect.json_impl DEBUG: Using python library for writing JSON byte strings
2023-12-13 20:54:34,780 SpawnProcess-3\asyncio  DEBUG: Using selector: SelectSelector
2023-12-13 20:54:34,982 SpawnProcess-3\clickhouse_connect.driver.ctypes DEBUG: Successfully imported ClickHouse Connect C data optimizations
2023-12-13 20:54:34,983 SpawnProcess-3\clickhouse_connect.driver.ctypes DEBUG: Successfully import ClickHouse Connect C/Numpy optimizations
2023-12-13 20:54:34,987 SpawnProcess-3\clickhouse_connect.json_impl DEBUG: Using python library for writing JSON byte strings
2023-12-13 20:54:57,919 SpawnProcess-4\asyncio  DEBUG: Using selector: SelectSelector
2023-12-13 20:54:58,078 SpawnProcess-4\clickhouse_connect.driver.ctypes DEBUG: Successfully imported ClickHouse Connect C data optimizations
2023-12-13 20:54:58,079 SpawnProcess-4\clickhouse_connect.driver.ctypes DEBUG: Successfully import ClickHouse Connect C/Numpy optimizations
2023-12-13 20:54:58,083 SpawnProcess-4\clickhouse_connect.json_impl DEBUG: Using python library for writing JSON byte strings
2023-12-13 20:56:28,081 SpawnProcess-5\asyncio  DEBUG: Using selector: SelectSelector
2023-12-13 20:56:28,241 SpawnProcess-5\clickhouse_connect.driver.ctypes DEBUG: Successfully imported ClickHouse Connect C data optimizations
2023-12-13 20:56:28,241 SpawnProcess-5\clickhouse_connect.driver.ctypes DEBUG: Successfully import ClickHouse Connect C/Numpy optimizations
2023-12-13 20:56:28,245 SpawnProcess-5\clickhouse_connect.json_impl DEBUG: Using python library for writing JSON byte strings
2023-12-13 20:56:47,736 SpawnProcess-6\asyncio  DEBUG: Using selector: SelectSelector
2023-12-13 20:56:47,898 SpawnProcess-6\clickhouse_connect.driver.ctypes DEBUG: Successfully imported ClickHouse Connect C data optimizations
2023-12-13 20:56:47,898 SpawnProcess-6\clickhouse_connect.driver.ctypes DEBUG: Successfully import ClickHouse Connect C/Numpy optimizations
2023-12-13 20:56:47,902 SpawnProcess-6\clickhouse_connect.json_impl DEBUG: Using python library for writing JSON byte strings
2023-12-13 20:58:07,212 SpawnProcess-7\asyncio  DEBUG: Using selector: SelectSelector
2023-12-13 20:58:07,372 SpawnProcess-7\clickhouse_connect.driver.ctypes DEBUG: Successfully imported ClickHouse Connect C data optimizations
2023-12-13 20:58:07,373 SpawnProcess-7\clickhouse_connect.driver.ctypes DEBUG: Successfully import ClickHouse Connect C/Numpy optimizations
2023-12-13 20:58:07,377 SpawnProcess-7\clickhouse_connect.json_impl DEBUG: Using python library for writing JSON byte strings
2023-12-13 20:59:57,483 MainProcess\root     INFO: default_user:admin alredy exist
2023-12-13 20:59:58,067 SpawnProcess-1\asyncio  DEBUG: Using selector: SelectSelector
2023-12-13 20:59:58,411 SpawnProcess-1\clickhouse_connect.driver.ctypes DEBUG: Successfully imported ClickHouse Connect C data optimizations
2023-12-13 20:59:58,411 SpawnProcess-1\clickhouse_connect.driver.ctypes DEBUG: Successfully import ClickHouse Connect C/Numpy optimizations
2023-12-13 20:59:58,419 SpawnProcess-1\clickhouse_connect.json_impl DEBUG: Using python library for writing JSON byte strings
2023-12-13 21:00:51,053 MainProcess\root     INFO: default_user:admin alredy exist
2023-12-13 21:00:51,661 SpawnProcess-1\asyncio  DEBUG: Using selector: SelectSelector
2023-12-13 21:00:51,987 SpawnProcess-1\clickhouse_connect.driver.ctypes DEBUG: Successfully imported ClickHouse Connect C data optimizations
2023-12-13 21:00:51,988 SpawnProcess-1\clickhouse_connect.driver.ctypes DEBUG: Successfully import ClickHouse Connect C/Numpy optimizations
2023-12-13 21:00:51,995 SpawnProcess-1\clickhouse_connect.json_impl DEBUG: Using python library for writing JSON byte strings
2023-12-13 21:03:29,951 MainProcess\root     INFO: default_user:admin alredy exist
2023-12-13 21:03:30,222 SpawnProcess-1\asyncio  DEBUG: Using selector: SelectSelector
2023-12-13 21:03:30,382 SpawnProcess-1\clickhouse_connect.driver.ctypes DEBUG: Successfully imported ClickHouse Connect C data optimizations
2023-12-13 21:03:30,382 SpawnProcess-1\clickhouse_connect.driver.ctypes DEBUG: Successfully import ClickHouse Connect C/Numpy optimizations
2023-12-13 21:03:30,386 SpawnProcess-1\clickhouse_connect.json_impl DEBUG: Using python library for writing JSON byte strings
2023-12-13 21:04:31,290 MainProcess\root     INFO: default_user:admin alredy exist
2023-12-13 21:04:31,560 SpawnProcess-1\asyncio  DEBUG: Using selector: SelectSelector
2023-12-13 21:04:31,715 SpawnProcess-1\clickhouse_connect.driver.ctypes DEBUG: Successfully imported ClickHouse Connect C data optimizations
2023-12-13 21:04:31,715 SpawnProcess-1\clickhouse_connect.driver.ctypes DEBUG: Successfully import ClickHouse Connect C/Numpy optimizations
2023-12-13 21:04:31,720 SpawnProcess-1\clickhouse_connect.json_impl DEBUG: Using python library for writing JSON byte strings
2023-12-13 21:04:57,119 MainProcess\root     INFO: default_user:admin alredy exist
2023-12-13 21:04:57,382 SpawnProcess-1\asyncio  DEBUG: Using selector: SelectSelector
2023-12-13 21:04:57,534 SpawnProcess-1\clickhouse_connect.driver.ctypes DEBUG: Successfully imported ClickHouse Connect C data optimizations
2023-12-13 21:04:57,534 SpawnProcess-1\clickhouse_connect.driver.ctypes DEBUG: Successfully import ClickHouse Connect C/Numpy optimizations
2023-12-13 21:04:57,539 SpawnProcess-1\clickhouse_connect.json_impl DEBUG: Using python library for writing JSON byte strings
2023-12-13 21:05:37,367 SpawnProcess-2\asyncio  DEBUG: Using selector: SelectSelector
2023-12-13 21:05:37,521 SpawnProcess-2\clickhouse_connect.driver.ctypes DEBUG: Successfully imported ClickHouse Connect C data optimizations
2023-12-13 21:05:37,521 SpawnProcess-2\clickhouse_connect.driver.ctypes DEBUG: Successfully import ClickHouse Connect C/Numpy optimizations
2023-12-13 21:05:37,526 SpawnProcess-2\clickhouse_connect.json_impl DEBUG: Using python library for writing JSON byte strings
2023-12-13 21:05:43,775 SpawnProcess-3\asyncio  DEBUG: Using selector: SelectSelector
2023-12-13 21:05:43,933 SpawnProcess-3\clickhouse_connect.driver.ctypes DEBUG: Successfully imported ClickHouse Connect C data optimizations
2023-12-13 21:05:43,934 SpawnProcess-3\clickhouse_connect.driver.ctypes DEBUG: Successfully import ClickHouse Connect C/Numpy optimizations
2023-12-13 21:05:43,938 SpawnProcess-3\clickhouse_connect.json_impl DEBUG: Using python library for writing JSON byte strings
2023-12-13 21:06:49,347 SpawnProcess-4\asyncio  DEBUG: Using selector: SelectSelector
2023-12-13 21:06:49,501 SpawnProcess-4\clickhouse_connect.driver.ctypes DEBUG: Successfully imported ClickHouse Connect C data optimizations
2023-12-13 21:06:49,501 SpawnProcess-4\clickhouse_connect.driver.ctypes DEBUG: Successfully import ClickHouse Connect C/Numpy optimizations
2023-12-13 21:06:49,505 SpawnProcess-4\clickhouse_connect.json_impl DEBUG: Using python library for writing JSON byte strings
2023-12-13 21:08:05,138 SpawnProcess-5\asyncio  DEBUG: Using selector: SelectSelector
2023-12-13 21:08:05,296 SpawnProcess-5\clickhouse_connect.driver.ctypes DEBUG: Successfully imported ClickHouse Connect C data optimizations
2023-12-13 21:08:05,297 SpawnProcess-5\clickhouse_connect.driver.ctypes DEBUG: Successfully import ClickHouse Connect C/Numpy optimizations
2023-12-13 21:08:05,301 SpawnProcess-5\clickhouse_connect.json_impl DEBUG: Using python library for writing JSON byte strings
2023-12-13 21:09:22,319 SpawnProcess-6\asyncio  DEBUG: Using selector: SelectSelector
2023-12-13 21:09:22,495 SpawnProcess-6\clickhouse_connect.driver.ctypes DEBUG: Successfully imported ClickHouse Connect C data optimizations
2023-12-13 21:09:22,496 SpawnProcess-6\clickhouse_connect.driver.ctypes DEBUG: Successfully import ClickHouse Connect C/Numpy optimizations
2023-12-13 21:09:22,500 SpawnProcess-6\clickhouse_connect.json_impl DEBUG: Using python library for writing JSON byte strings
2023-12-13 21:09:46,313 SpawnProcess-7\asyncio  DEBUG: Using selector: SelectSelector
2023-12-13 21:09:46,464 SpawnProcess-7\clickhouse_connect.driver.ctypes DEBUG: Successfully imported ClickHouse Connect C data optimizations
2023-12-13 21:09:46,464 SpawnProcess-7\clickhouse_connect.driver.ctypes DEBUG: Successfully import ClickHouse Connect C/Numpy optimizations
2023-12-13 21:09:46,468 SpawnProcess-7\clickhouse_connect.json_impl DEBUG: Using python library for writing JSON byte strings
2023-12-13 21:09:58,928 SpawnProcess-8\asyncio  DEBUG: Using selector: SelectSelector
2023-12-13 21:09:59,082 SpawnProcess-8\clickhouse_connect.driver.ctypes DEBUG: Successfully imported ClickHouse Connect C data optimizations
2023-12-13 21:09:59,082 SpawnProcess-8\clickhouse_connect.driver.ctypes DEBUG: Successfully import ClickHouse Connect C/Numpy optimizations
2023-12-13 21:09:59,087 SpawnProcess-8\clickhouse_connect.json_impl DEBUG: Using python library for writing JSON byte strings
2023-12-13 21:10:05,312 SpawnProcess-9\asyncio  DEBUG: Using selector: SelectSelector
2023-12-13 21:10:05,465 SpawnProcess-9\clickhouse_connect.driver.ctypes DEBUG: Successfully imported ClickHouse Connect C data optimizations
2023-12-13 21:10:05,465 SpawnProcess-9\clickhouse_connect.driver.ctypes DEBUG: Successfully import ClickHouse Connect C/Numpy optimizations
2023-12-13 21:10:05,470 SpawnProcess-9\clickhouse_connect.json_impl DEBUG: Using python library for writing JSON byte strings
2023-12-13 21:10:27,923 SpawnProcess-10\asyncio  DEBUG: Using selector: SelectSelector
2023-12-13 21:10:28,083 SpawnProcess-10\clickhouse_connect.driver.ctypes DEBUG: Successfully imported ClickHouse Connect C data optimizations
2023-12-13 21:10:28,084 SpawnProcess-10\clickhouse_connect.driver.ctypes DEBUG: Successfully import ClickHouse Connect C/Numpy optimizations
2023-12-13 21:10:28,087 SpawnProcess-10\clickhouse_connect.json_impl DEBUG: Using python library for writing JSON byte strings
2023-12-13 21:10:59,235 SpawnProcess-11\asyncio  DEBUG: Using selector: SelectSelector
2023-12-13 21:10:59,403 SpawnProcess-11\clickhouse_connect.driver.ctypes DEBUG: Successfully imported ClickHouse Connect C data optimizations
2023-12-13 21:10:59,404 SpawnProcess-11\clickhouse_connect.driver.ctypes DEBUG: Successfully import ClickHouse Connect C/Numpy optimizations
2023-12-13 21:10:59,411 SpawnProcess-11\clickhouse_connect.json_impl DEBUG: Using python library for writing JSON byte strings
2023-12-13 21:13:36,685 SpawnProcess-12\asyncio  DEBUG: Using selector: SelectSelector
2023-12-13 21:13:36,878 SpawnProcess-12\clickhouse_connect.driver.ctypes DEBUG: Successfully imported ClickHouse Connect C data optimizations
2023-12-13 21:13:36,879 SpawnProcess-12\clickhouse_connect.driver.ctypes DEBUG: Successfully import ClickHouse Connect C/Numpy optimizations
2023-12-13 21:13:36,883 SpawnProcess-12\clickhouse_connect.json_impl DEBUG: Using python library for writing JSON byte strings
2023-12-13 21:13:44,577 SpawnProcess-13\asyncio  DEBUG: Using selector: SelectSelector
2023-12-13 21:13:44,739 SpawnProcess-13\clickhouse_connect.driver.ctypes DEBUG: Successfully imported ClickHouse Connect C data optimizations
2023-12-13 21:13:44,739 SpawnProcess-13\clickhouse_connect.driver.ctypes DEBUG: Successfully import ClickHouse Connect C/Numpy optimizations
2023-12-13 21:13:44,744 SpawnProcess-13\clickhouse_connect.json_impl DEBUG: Using python library for writing JSON byte strings
2023-12-13 21:14:01,207 MainProcess\root     INFO: default_user:admin alredy exist
2023-12-13 21:14:01,801 SpawnProcess-1\asyncio  DEBUG: Using selector: SelectSelector
2023-12-13 21:14:02,130 SpawnProcess-1\clickhouse_connect.driver.ctypes DEBUG: Successfully imported ClickHouse Connect C data optimizations
2023-12-13 21:14:02,131 SpawnProcess-1\clickhouse_connect.driver.ctypes DEBUG: Successfully import ClickHouse Connect C/Numpy optimizations
2023-12-13 21:14:02,139 SpawnProcess-1\clickhouse_connect.json_impl DEBUG: Using python library for writing JSON byte strings
2023-12-13 21:14:16,246 MainProcess\root     INFO: default_user:admin alredy exist
2023-12-13 21:14:16,840 SpawnProcess-1\asyncio  DEBUG: Using selector: SelectSelector
2023-12-13 21:14:17,156 SpawnProcess-1\clickhouse_connect.driver.ctypes DEBUG: Successfully imported ClickHouse Connect C data optimizations
2023-12-13 21:14:17,156 SpawnProcess-1\clickhouse_connect.driver.ctypes DEBUG: Successfully import ClickHouse Connect C/Numpy optimizations
2023-12-13 21:14:17,164 SpawnProcess-1\clickhouse_connect.json_impl DEBUG: Using python library for writing JSON byte strings
2023-12-13 21:14:24,427 MainProcess\root     INFO: default_user:admin alredy exist
2023-12-13 21:14:25,039 SpawnProcess-1\asyncio  DEBUG: Using selector: SelectSelector
2023-12-13 21:14:25,385 SpawnProcess-1\clickhouse_connect.driver.ctypes DEBUG: Successfully imported ClickHouse Connect C data optimizations
2023-12-13 21:14:25,386 SpawnProcess-1\clickhouse_connect.driver.ctypes DEBUG: Successfully import ClickHouse Connect C/Numpy optimizations
2023-12-13 21:14:25,394 SpawnProcess-1\clickhouse_connect.json_impl DEBUG: Using python library for writing JSON byte strings
2023-12-13 21:15:26,557 MainProcess\root     INFO: default_user:admin alredy exist
2023-12-13 21:15:27,190 SpawnProcess-1\asyncio  DEBUG: Using selector: SelectSelector
2023-12-13 21:15:27,558 SpawnProcess-1\clickhouse_connect.driver.ctypes DEBUG: Successfully imported ClickHouse Connect C data optimizations
2023-12-13 21:15:27,558 SpawnProcess-1\clickhouse_connect.driver.ctypes DEBUG: Successfully import ClickHouse Connect C/Numpy optimizations
2023-12-13 21:15:27,566 SpawnProcess-1\clickhouse_connect.json_impl DEBUG: Using python library for writing JSON byte strings
2023-12-13 21:19:58,096 SpawnProcess-2\asyncio  DEBUG: Using selector: SelectSelector
2023-12-13 21:19:58,426 SpawnProcess-2\clickhouse_connect.driver.ctypes DEBUG: Successfully imported ClickHouse Connect C data optimizations
2023-12-13 21:19:58,426 SpawnProcess-2\clickhouse_connect.driver.ctypes DEBUG: Successfully import ClickHouse Connect C/Numpy optimizations
2023-12-13 21:19:58,434 SpawnProcess-2\clickhouse_connect.json_impl DEBUG: Using python library for writing JSON byte strings
2023-12-13 21:20:15,218 SpawnProcess-3\asyncio  DEBUG: Using selector: SelectSelector
2023-12-13 21:20:15,560 SpawnProcess-3\clickhouse_connect.driver.ctypes DEBUG: Successfully imported ClickHouse Connect C data optimizations
2023-12-13 21:20:15,561 SpawnProcess-3\clickhouse_connect.driver.ctypes DEBUG: Successfully import ClickHouse Connect C/Numpy optimizations
2023-12-13 21:20:15,568 SpawnProcess-3\clickhouse_connect.json_impl DEBUG: Using python library for writing JSON byte strings
2023-12-13 21:21:17,359 SpawnProcess-4\asyncio  DEBUG: Using selector: SelectSelector
2023-12-13 21:21:17,684 SpawnProcess-4\clickhouse_connect.driver.ctypes DEBUG: Successfully imported ClickHouse Connect C data optimizations
2023-12-13 21:21:17,685 SpawnProcess-4\clickhouse_connect.driver.ctypes DEBUG: Successfully import ClickHouse Connect C/Numpy optimizations
2023-12-13 21:21:17,692 SpawnProcess-4\clickhouse_connect.json_impl DEBUG: Using python library for writing JSON byte strings
2023-12-13 21:21:28,756 MainProcess\root     INFO: default_user:admin alredy exist
2023-12-13 21:21:29,027 SpawnProcess-1\asyncio  DEBUG: Using selector: SelectSelector
2023-12-13 21:21:29,182 SpawnProcess-1\clickhouse_connect.driver.ctypes DEBUG: Successfully imported ClickHouse Connect C data optimizations
2023-12-13 21:21:29,182 SpawnProcess-1\clickhouse_connect.driver.ctypes DEBUG: Successfully import ClickHouse Connect C/Numpy optimizations
2023-12-13 21:21:29,186 SpawnProcess-1\clickhouse_connect.json_impl DEBUG: Using python library for writing JSON byte strings
2023-12-13 21:22:34,532 SpawnProcess-2\asyncio  DEBUG: Using selector: SelectSelector
2023-12-13 21:22:34,683 SpawnProcess-2\clickhouse_connect.driver.ctypes DEBUG: Successfully imported ClickHouse Connect C data optimizations
2023-12-13 21:22:34,683 SpawnProcess-2\clickhouse_connect.driver.ctypes DEBUG: Successfully import ClickHouse Connect C/Numpy optimizations
2023-12-13 21:22:34,687 SpawnProcess-2\clickhouse_connect.json_impl DEBUG: Using python library for writing JSON byte strings
2023-12-13 21:23:21,624 SpawnProcess-3\asyncio  DEBUG: Using selector: SelectSelector
2023-12-13 21:23:21,773 SpawnProcess-3\clickhouse_connect.driver.ctypes DEBUG: Successfully imported ClickHouse Connect C data optimizations
2023-12-13 21:23:21,774 SpawnProcess-3\clickhouse_connect.driver.ctypes DEBUG: Successfully import ClickHouse Connect C/Numpy optimizations
2023-12-13 21:23:21,778 SpawnProcess-3\clickhouse_connect.json_impl DEBUG: Using python library for writing JSON byte strings
2023-12-13 21:23:41,210 SpawnProcess-4\asyncio  DEBUG: Using selector: SelectSelector
2023-12-13 21:23:41,363 SpawnProcess-4\clickhouse_connect.driver.ctypes DEBUG: Successfully imported ClickHouse Connect C data optimizations
2023-12-13 21:23:41,364 SpawnProcess-4\clickhouse_connect.driver.ctypes DEBUG: Successfully import ClickHouse Connect C/Numpy optimizations
2023-12-13 21:23:41,368 SpawnProcess-4\clickhouse_connect.json_impl DEBUG: Using python library for writing JSON byte strings
2023-12-13 21:24:00,239 SpawnProcess-5\asyncio  DEBUG: Using selector: SelectSelector
2023-12-13 21:24:00,391 SpawnProcess-5\clickhouse_connect.driver.ctypes DEBUG: Successfully imported ClickHouse Connect C data optimizations
2023-12-13 21:24:00,391 SpawnProcess-5\clickhouse_connect.driver.ctypes DEBUG: Successfully import ClickHouse Connect C/Numpy optimizations
2023-12-13 21:24:00,396 SpawnProcess-5\clickhouse_connect.json_impl DEBUG: Using python library for writing JSON byte strings
2023-12-13 21:24:29,528 MainProcess\root     INFO: default_user:admin alredy exist
2023-12-13 21:24:30,119 SpawnProcess-1\asyncio  DEBUG: Using selector: SelectSelector
2023-12-13 21:24:30,449 SpawnProcess-1\clickhouse_connect.driver.ctypes DEBUG: Successfully imported ClickHouse Connect C data optimizations
2023-12-13 21:24:30,449 SpawnProcess-1\clickhouse_connect.driver.ctypes DEBUG: Successfully import ClickHouse Connect C/Numpy optimizations
2023-12-13 21:24:30,457 SpawnProcess-1\clickhouse_connect.json_impl DEBUG: Using python library for writing JSON byte strings
2023-12-13 21:24:57,244 SpawnProcess-2\asyncio  DEBUG: Using selector: SelectSelector
2023-12-13 21:24:57,570 SpawnProcess-2\clickhouse_connect.driver.ctypes DEBUG: Successfully imported ClickHouse Connect C data optimizations
2023-12-13 21:24:57,571 SpawnProcess-2\clickhouse_connect.driver.ctypes DEBUG: Successfully import ClickHouse Connect C/Numpy optimizations
2023-12-13 21:24:57,578 SpawnProcess-2\clickhouse_connect.json_impl DEBUG: Using python library for writing JSON byte strings
2023-12-13 21:25:03,225 MainProcess\root     INFO: default_user:admin alredy exist
2023-12-13 21:25:03,830 SpawnProcess-1\asyncio  DEBUG: Using selector: SelectSelector
2023-12-13 21:25:04,172 SpawnProcess-1\clickhouse_connect.driver.ctypes DEBUG: Successfully imported ClickHouse Connect C data optimizations
2023-12-13 21:25:04,173 SpawnProcess-1\clickhouse_connect.driver.ctypes DEBUG: Successfully import ClickHouse Connect C/Numpy optimizations
2023-12-13 21:25:04,181 SpawnProcess-1\clickhouse_connect.json_impl DEBUG: Using python library for writing JSON byte strings
2023-12-13 21:27:53,892 MainProcess\root     INFO: default_user:admin alredy exist
2023-12-13 21:27:54,167 SpawnProcess-1\asyncio  DEBUG: Using selector: SelectSelector
2023-12-13 21:27:54,318 SpawnProcess-1\clickhouse_connect.driver.ctypes DEBUG: Successfully imported ClickHouse Connect C data optimizations
2023-12-13 21:27:54,318 SpawnProcess-1\clickhouse_connect.driver.ctypes DEBUG: Successfully import ClickHouse Connect C/Numpy optimizations
2023-12-13 21:27:54,322 SpawnProcess-1\clickhouse_connect.json_impl DEBUG: Using python library for writing JSON byte strings
2023-12-13 21:28:00,154 SpawnProcess-2\asyncio  DEBUG: Using selector: SelectSelector
2023-12-13 21:28:00,314 SpawnProcess-2\clickhouse_connect.driver.ctypes DEBUG: Successfully imported ClickHouse Connect C data optimizations
2023-12-13 21:28:00,314 SpawnProcess-2\clickhouse_connect.driver.ctypes DEBUG: Successfully import ClickHouse Connect C/Numpy optimizations
2023-12-13 21:28:00,318 SpawnProcess-2\clickhouse_connect.json_impl DEBUG: Using python library for writing JSON byte strings
